# JRE version: OpenJDK Runtime Environment (8.0_282-b08) (build 1.8.0_282-8u282-b08-0ubuntu1~20.04-b08)
# Java VM: OpenJDK 64-Bit Server VM (25.282-b08 mixed mode linux-amd64 compressed oops)
Heap:
 PSYoungGen      total 209920K, used 6912K [0x00000000d5580000, 0x00000000e3480000, 0x0000000100000000)
  eden space 195072K, 0% used [0x00000000d5580000,0x00000000d5580000,0x00000000e1400000)
  from space 14848K, 46% used [0x00000000e2200000,0x00000000e28c0398,0x00000000e3080000)
  to   space 14336K, 0% used [0x00000000e1400000,0x00000000e1400000,0x00000000e2200000)
 ParOldGen       total 101376K, used 9908K [0x0000000080000000, 0x0000000086300000, 0x00000000d5580000)
  object space 101376K, 9% used [0x0000000080000000,0x00000000809ad328,0x0000000086300000)
 Metaspace       used 34283K, capacity 35401K, committed 35496K, reserved 1079296K
  class space    used 4852K, capacity 5106K, committed 5120K, reserved 1048576K
GC Heap History (10 events):
Event: 1.036 GC heap after
Heap after GC invocations=3 (full 0):
 PSYoungGen      total 75264K, used 10751K [0x00000000d5580000, 0x00000000de880000, 0x0000000100000000)
  eden space 64512K, 0% used [0x00000000d5580000,0x00000000d5580000,0x00000000d9480000)
  from space 10752K, 99% used [0x00000000d9480000,0x00000000d9effc78,0x00000000d9f00000)
  to   space 10752K, 0% used [0x00000000dde00000,0x00000000dde00000,0x00000000de880000)
 ParOldGen       total 172032K, used 77K [0x0000000080000000, 0x000000008a800000, 0x00000000d5580000)
  object space 172032K, 0% used [0x0000000080000000,0x0000000080013698,0x000000008a800000)
 Metaspace       used 19614K, capacity 20208K, committed 20480K, reserved 1067008K
  class space    used 2800K, capacity 2988K, committed 3072K, reserved 1048576K
}
Event: 1.095 GC heap before
{Heap before GC invocations=4 (full 0):
 PSYoungGen      total 75264K, used 28580K [0x00000000d5580000, 0x00000000de880000, 0x0000000100000000)
  eden space 64512K, 27% used [0x00000000d5580000,0x00000000d66e9620,0x00000000d9480000)
  from space 10752K, 99% used [0x00000000d9480000,0x00000000d9effc78,0x00000000d9f00000)
  to   space 10752K, 0% used [0x00000000dde00000,0x00000000dde00000,0x00000000de880000)
 ParOldGen       total 172032K, used 77K [0x0000000080000000, 0x000000008a800000, 0x00000000d5580000)
  object space 172032K, 0% used [0x0000000080000000,0x0000000080013698,0x000000008a800000)
 Metaspace       used 20590K, capacity 21261K, committed 21296K, reserved 1067008K
  class space    used 2958K, capacity 3165K, committed 3200K, reserved 1048576K
Event: 1.099 GC heap after
Heap after GC invocations=4 (full 0):
 PSYoungGen      total 139776K, used 7549K [0x00000000d5580000, 0x00000000de880000, 0x0000000100000000)
  eden space 129024K, 0% used [0x00000000d5580000,0x00000000d5580000,0x00000000dd380000)
  from space 10752K, 70% used [0x00000000dde00000,0x00000000de55f418,0x00000000de880000)
  to   space 10752K, 0% used [0x00000000dd380000,0x00000000dd380000,0x00000000dde00000)
 ParOldGen       total 172032K, used 85K [0x0000000080000000, 0x000000008a800000, 0x00000000d5580000)
  object space 172032K, 0% used [0x0000000080000000,0x0000000080015698,0x000000008a800000)
 Metaspace       used 20590K, capacity 21261K, committed 21296K, reserved 1067008K
  class space    used 2958K, capacity 3165K, committed 3200K, reserved 1048576K
}
Event: 1.099 GC heap before
{Heap before GC invocations=5 (full 1):
 PSYoungGen      total 139776K, used 7549K [0x00000000d5580000, 0x00000000de880000, 0x0000000100000000)
  eden space 129024K, 0% used [0x00000000d5580000,0x00000000d5580000,0x00000000dd380000)
  from space 10752K, 70% used [0x00000000dde00000,0x00000000de55f418,0x00000000de880000)
  to   space 10752K, 0% used [0x00000000dd380000,0x00000000dd380000,0x00000000dde00000)
 ParOldGen       total 172032K, used 85K [0x0000000080000000, 0x000000008a800000, 0x00000000d5580000)
  object space 172032K, 0% used [0x0000000080000000,0x0000000080015698,0x000000008a800000)
 Metaspace       used 20590K, capacity 21261K, committed 21296K, reserved 1067008K
  class space    used 2958K, capacity 3165K, committed 3200K, reserved 1048576K
Event: 1.124 GC heap after
Heap after GC invocations=5 (full 1):
 PSYoungGen      total 139776K, used 0K [0x00000000d5580000, 0x00000000de880000, 0x0000000100000000)
  eden space 129024K, 0% used [0x00000000d5580000,0x00000000d5580000,0x00000000dd380000)
  from space 10752K, 0% used [0x00000000dde00000,0x00000000dde00000,0x00000000de880000)
  to   space 10752K, 0% used [0x00000000dd380000,0x00000000dd380000,0x00000000dde00000)
 ParOldGen       total 101376K, used 7267K [0x0000000080000000, 0x0000000086300000, 0x00000000d5580000)
  object space 101376K, 7% used [0x0000000080000000,0x0000000080718e10,0x0000000086300000)
 Metaspace       used 20590K, capacity 21261K, committed 21296K, reserved 1067008K
  class space    used 2958K, capacity 3165K, committed 3200K, reserved 1048576K
}
Event: 1.793 GC heap before
{Heap before GC invocations=6 (full 1):
 PSYoungGen      total 139776K, used 129024K [0x00000000d5580000, 0x00000000de880000, 0x0000000100000000)
  eden space 129024K, 100% used [0x00000000d5580000,0x00000000dd380000,0x00000000dd380000)
  from space 10752K, 0% used [0x00000000dde00000,0x00000000dde00000,0x00000000de880000)
  to   space 10752K, 0% used [0x00000000dd380000,0x00000000dd380000,0x00000000dde00000)
 ParOldGen       total 101376K, used 7267K [0x0000000080000000, 0x0000000086300000, 0x00000000d5580000)
  object space 101376K, 7% used [0x0000000080000000,0x0000000080718e10,0x0000000086300000)
 Metaspace       used 33238K, capacity 34247K, committed 34432K, reserved 1079296K
  class space    used 4662K, capacity 4911K, committed 4992K, reserved 1048576K
Event: 1.800 GC heap after
Heap after GC invocations=6 (full 1):
 PSYoungGen      total 139776K, used 10727K [0x00000000d5580000, 0x00000000e3080000, 0x0000000100000000)
  eden space 129024K, 0% used [0x00000000d5580000,0x00000000d5580000,0x00000000dd380000)
  from space 10752K, 99% used [0x00000000dd380000,0x00000000dddf9fc8,0x00000000dde00000)
  to   space 14848K, 0% used [0x00000000e2200000,0x00000000e2200000,0x00000000e3080000)
 ParOldGen       total 101376K, used 9900K [0x0000000080000000, 0x0000000086300000, 0x00000000d5580000)
  object space 101376K, 9% used [0x0000000080000000,0x00000000809ab328,0x0000000086300000)
 Metaspace       used 33238K, capacity 34247K, committed 34432K, reserved 1079296K
  class space    used 4662K, capacity 4911K, committed 4992K, reserved 1048576K
}
Event: 1.889 GC heap before
{Heap before GC invocations=7 (full 1):
 PSYoungGen      total 139776K, used 34053K [0x00000000d5580000, 0x00000000e3080000, 0x0000000100000000)
  eden space 129024K, 18% used [0x00000000d5580000,0x00000000d6c47700,0x00000000dd380000)
  from space 10752K, 99% used [0x00000000dd380000,0x00000000dddf9fc8,0x00000000dde00000)
  to   space 14848K, 0% used [0x00000000e2200000,0x00000000e2200000,0x00000000e3080000)
 ParOldGen       total 101376K, used 9900K [0x0000000080000000, 0x0000000086300000, 0x00000000d5580000)
  object space 101376K, 9% used [0x0000000080000000,0x00000000809ab328,0x0000000086300000)
 Metaspace       used 34283K, capacity 35401K, committed 35496K, reserved 1079296K
  class space    used 4852K, capacity 5106K, committed 5120K, reserved 1048576K
Event: 1.893 GC heap after
Heap after GC invocations=7 (full 1):
 PSYoungGen      total 209920K, used 6912K [0x00000000d5580000, 0x00000000e3480000, 0x0000000100000000)
  eden space 195072K, 0% used [0x00000000d5580000,0x00000000d5580000,0x00000000e1400000)
  from space 14848K, 46% used [0x00000000e2200000,0x00000000e28c0398,0x00000000e3080000)
  to   space 14336K, 0% used [0x00000000e1400000,0x00000000e1400000,0x00000000e2200000)
 ParOldGen       total 101376K, used 9908K [0x0000000080000000, 0x0000000086300000, 0x00000000d5580000)
  object space 101376K, 9% used [0x0000000080000000,0x00000000809ad328,0x0000000086300000)
 Metaspace       used 34283K, capacity 35401K, committed 35496K, reserved 1079296K
  class space    used 4852K, capacity 5106K, committed 5120K, reserved 1048576K
}
Event: 1.893 GC heap before
{Heap before GC invocations=8 (full 2):
 PSYoungGen      total 209920K, used 6912K [0x00000000d5580000, 0x00000000e3480000, 0x0000000100000000)
  eden space 195072K, 0% used [0x00000000d5580000,0x00000000d5580000,0x00000000e1400000)
  from space 14848K, 46% used [0x00000000e2200000,0x00000000e28c0398,0x00000000e3080000)
  to   space 14336K, 0% used [0x00000000e1400000,0x00000000e1400000,0x00000000e2200000)
 ParOldGen       total 101376K, used 9908K [0x0000000080000000, 0x0000000086300000, 0x00000000d5580000)
  object space 101376K, 9% used [0x0000000080000000,0x00000000809ad328,0x0000000086300000)
 Metaspace       used 34283K, capacity 35401K, committed 35496K, reserved 1079296K
  class space    used 4852K, capacity 5106K, committed 5120K, reserved 1048576K

